[debug] [2023-05-22T06:34:16.806Z] ----------------------------------------------------------------------
[debug] [2023-05-22T06:34:16.807Z] Command:       C:\Program Files\nodejs\node.exe C:\Users\slimm\AppData\Roaming\npm\node_modules\firebase-tools\lib\bin\firebase.js init
[debug] [2023-05-22T06:34:16.808Z] CLI Version:   12.1.0
[debug] [2023-05-22T06:34:16.808Z] Platform:      win32
[debug] [2023-05-22T06:34:16.808Z] Node Version:  v18.16.0
[debug] [2023-05-22T06:34:16.809Z] Time:          Mon May 22 2023 02:34:16 GMT-0400 (Eastern Daylight Time)
[debug] [2023-05-22T06:34:16.809Z] ----------------------------------------------------------------------
[debug] 
[debug] [2023-05-22T06:34:16.812Z] >>> [apiv2][query] GET https://firebase-public.firebaseio.com/cli.json [none]
[debug] [2023-05-22T06:34:16.858Z] > command requires scopes: ["email","openid","https://www.googleapis.com/auth/cloudplatformprojects.readonly","https://www.googleapis.com/auth/firebase","https://www.googleapis.com/auth/cloud-platform"]
[debug] [2023-05-22T06:34:16.858Z] > authorizing via signed-in user (ptaliaferro218@gmail.com)
[info] 
     ######## #### ########  ######## ########     ###     ######  ########
     ##        ##  ##     ## ##       ##     ##  ##   ##  ##       ##
     ######    ##  ########  ######   ########  #########  ######  ######
     ##        ##  ##    ##  ##       ##     ## ##     ##       ## ##
     ##       #### ##     ## ######## ########  ##     ##  ######  ########

You're about to initialize a Firebase project in this directory:

  C:\Users\slimm\OneDrive\Documents\coding_temple\week8\marv_pj\marvel_inventory

[debug] [2023-05-22T06:34:17.072Z] <<< [apiv2][status] GET https://firebase-public.firebaseio.com/cli.json 200
[debug] [2023-05-22T06:34:17.072Z] <<< [apiv2][body] GET https://firebase-public.firebaseio.com/cli.json {"cloudBuildErrorAfter":1594252800000,"cloudBuildWarnAfter":1590019200000,"defaultNode10After":1594252800000,"minVersion":"3.0.5","node8DeploysDisabledAfter":1613390400000,"node8RuntimeDisabledAfter":1615809600000,"node8WarnAfter":1600128000000}
[info] 
=== Project Setup
[info] 
[info] First, let's associate this project directory with a Firebase project.
[info] You can create multiple project aliases by running firebase use --add, 
[info] but for now we'll just set up a default project.
[info] 
[debug] [2023-05-22T06:34:54.658Z] > refreshing access token with scopes: []
[debug] [2023-05-22T06:34:54.659Z] >>> [apiv2][query] POST https://www.googleapis.com/oauth2/v3/token [none]
[debug] [2023-05-22T06:34:54.659Z] >>> [apiv2][body] POST https://www.googleapis.com/oauth2/v3/token [omitted]
[debug] [2023-05-22T06:34:54.839Z] <<< [apiv2][status] POST https://www.googleapis.com/oauth2/v3/token 200
[debug] [2023-05-22T06:34:54.839Z] <<< [apiv2][body] POST https://www.googleapis.com/oauth2/v3/token [omitted]
[debug] [2023-05-22T06:34:54.853Z] >>> [apiv2][query] GET https://firebase.googleapis.com/v1beta1/projects pageSize=100
[debug] [2023-05-22T06:34:55.277Z] <<< [apiv2][status] GET https://firebase.googleapis.com/v1beta1/projects 200
[debug] [2023-05-22T06:34:55.277Z] <<< [apiv2][body] GET https://firebase.googleapis.com/v1beta1/projects [omitted]
[info] i  Using project magnificentmarvel114 (MagnificentMarvel114) 
[info] 
=== Database Setup
[info] i  database: ensuring required API firebasedatabase.googleapis.com is enabled... 
[debug] [2023-05-22T06:35:08.062Z] >>> [apiv2][query] GET https://serviceusage.googleapis.com/v1/projects/magnificentmarvel114/services/firebasedatabase.googleapis.com [none]
[debug] [2023-05-22T06:35:08.062Z] >>> [apiv2][(partial)header] GET https://serviceusage.googleapis.com/v1/projects/magnificentmarvel114/services/firebasedatabase.googleapis.com x-goog-quota-user=projects/magnificentmarvel114
[debug] [2023-05-22T06:35:08.482Z] <<< [apiv2][status] GET https://serviceusage.googleapis.com/v1/projects/magnificentmarvel114/services/firebasedatabase.googleapis.com 200
[debug] [2023-05-22T06:35:08.482Z] <<< [apiv2][body] GET https://serviceusage.googleapis.com/v1/projects/magnificentmarvel114/services/firebasedatabase.googleapis.com [omitted]
[warn] !  database: missing required API firebasedatabase.googleapis.com. Enabling now... 
[debug] [2023-05-22T06:35:08.484Z] >>> [apiv2][query] POST https://serviceusage.googleapis.com/v1/projects/magnificentmarvel114/services/firebasedatabase.googleapis.com:enable [none]
[debug] [2023-05-22T06:35:08.484Z] >>> [apiv2][(partial)header] POST https://serviceusage.googleapis.com/v1/projects/magnificentmarvel114/services/firebasedatabase.googleapis.com:enable x-goog-quota-user=projects/magnificentmarvel114
[debug] [2023-05-22T06:35:09.447Z] <<< [apiv2][status] POST https://serviceusage.googleapis.com/v1/projects/magnificentmarvel114/services/firebasedatabase.googleapis.com:enable 200
[debug] [2023-05-22T06:35:09.447Z] <<< [apiv2][body] POST https://serviceusage.googleapis.com/v1/projects/magnificentmarvel114/services/firebasedatabase.googleapis.com:enable [omitted]
[debug] [2023-05-22T06:35:19.456Z] >>> [apiv2][query] GET https://serviceusage.googleapis.com/v1/projects/magnificentmarvel114/services/firebasedatabase.googleapis.com [none]
[debug] [2023-05-22T06:35:19.456Z] >>> [apiv2][(partial)header] GET https://serviceusage.googleapis.com/v1/projects/magnificentmarvel114/services/firebasedatabase.googleapis.com x-goog-quota-user=projects/magnificentmarvel114
[debug] [2023-05-22T06:35:19.792Z] <<< [apiv2][status] GET https://serviceusage.googleapis.com/v1/projects/magnificentmarvel114/services/firebasedatabase.googleapis.com 200
[debug] [2023-05-22T06:35:19.792Z] <<< [apiv2][body] GET https://serviceusage.googleapis.com/v1/projects/magnificentmarvel114/services/firebasedatabase.googleapis.com [omitted]
[info] +  database: required API firebasedatabase.googleapis.com is enabled 
[info] 
[debug] [2023-05-22T06:35:19.794Z] >>> [apiv2][query] GET https://firebase.googleapis.com/v1beta1/projects/magnificentmarvel114 [none]
[debug] [2023-05-22T06:35:20.101Z] <<< [apiv2][status] GET https://firebase.googleapis.com/v1beta1/projects/magnificentmarvel114 200
[debug] [2023-05-22T06:35:20.102Z] <<< [apiv2][body] GET https://firebase.googleapis.com/v1beta1/projects/magnificentmarvel114 {"projectId":"magnificentmarvel114","projectNumber":"870055256500","displayName":"MagnificentMarvel114","name":"projects/magnificentmarvel114","resources":{"hostingSite":"magnificentmarvel114"},"state":"ACTIVE","etag":"1_5376c4d1-27cb-442e-accb-8c9723e2bd13"}
[info] 
[info] Firebase Realtime Database Security Rules allow you to define how your data should be
[info] structured and when your data can be read from and written to.
[info] 
